\BOOKMARK [0][-]{part.1}{I Modeling}{}% 1
\BOOKMARK [1][-]{section*.1}{Fundamentals}{part.1}% 2
\BOOKMARK [1][-]{section*.2}{Classification}{part.1}% 3
\BOOKMARK [1][-]{section*.3}{Systems of differential equations}{part.1}% 4
\BOOKMARK [1][-]{section*.4}{Slope field}{part.1}% 5
\BOOKMARK [0][-]{part.2}{II Ordinary Differential Equations}{}% 6
\BOOKMARK [1][-]{section*.5}{Analytical methods for first-order ODE\220s}{part.2}% 7
\BOOKMARK [2][-]{section*.6}{Overview}{section*.5}% 8
\BOOKMARK [2][-]{section*.7}{Separable ODE\220s}{section*.5}% 9
\BOOKMARK [1][-]{section*.8}{Analytical methods for linear ODE\220s}{part.2}% 10
\BOOKMARK [2][-]{section*.9}{Overview}{section*.8}% 11
\BOOKMARK [2][-]{section*.10}{First-order linear ODE's}{section*.8}% 12
\BOOKMARK [2][-]{section*.11}{Higher-order linear ODE's}{section*.8}% 13
\BOOKMARK [1][-]{section*.12}{Numerical Methods}{part.2}% 14
\BOOKMARK [2][-]{section*.13}{Single-setp methods}{section*.12}% 15
\BOOKMARK [0][-]{part.3}{III System of Differential Equations}{}% 16
\BOOKMARK [1][-]{section*.14}{Analytical methods for linear systems}{part.3}% 17
\BOOKMARK [2][-]{section*.15}{Overview}{section*.14}% 18
\BOOKMARK [2][-]{section*.16}{Homogeneous linear systems}{section*.14}% 19
\BOOKMARK [2][-]{section*.17}{Inhomogeneous linear systems}{section*.14}% 20
\BOOKMARK [0][-]{part.4}{IV Dynamical Systems}{}% 21
\BOOKMARK [1][-]{section*.18}{Overview}{part.4}% 22
\BOOKMARK [1][-]{section*.19}{One-Dimensional Systems}{part.4}% 23
\BOOKMARK [2][-]{section*.20}{Fixed points in Continuous Dynamical Systems}{section*.19}% 24
\BOOKMARK [2][-]{section*.22}{Continuous Linear stability analysis}{section*.19}% 25
\BOOKMARK [2][-]{section*.23}{Fixed points in Discrete Dynamical Systems}{section*.19}% 26
\BOOKMARK [2][-]{section*.24}{Discrete Linear stability analysis}{section*.19}% 27
\BOOKMARK [2][-]{section*.25}{Bifurcations in Continous Systems}{section*.19}% 28
\BOOKMARK [2][-]{section*.28}{Bifurcations in Discrete Systems}{section*.19}% 29
\BOOKMARK [1][-]{section*.30}{Two-Dimensional Systems}{part.4}% 30
\BOOKMARK [2][-]{section*.31}{Linear Systems}{section*.30}% 31
\BOOKMARK [2][-]{section*.34}{Nonlinear Systems}{section*.30}% 32
\BOOKMARK [2][-]{section*.35}{Limit cycles}{section*.30}% 33
\BOOKMARK [2][-]{section*.36}{Bifurications}{section*.30}% 34
\BOOKMARK [1][-]{section*.37}{Three-Dimensional Systems and Chaos}{part.4}% 35
\BOOKMARK [2][-]{section*.38}{R\366ssler System}{section*.37}% 36
\BOOKMARK [2][-]{section*.40}{Lorenz System}{section*.37}% 37
\BOOKMARK [2][-]{section*.42}{Linz/Sprott System}{section*.37}% 38
\BOOKMARK [1][-]{section*.44}{Discrete Dynamical Systems}{part.4}% 39
\BOOKMARK [2][-]{section*.45}{Lyapunov exponent}{section*.44}% 40
\BOOKMARK [2][-]{section*.46}{Mandelbrot set}{section*.44}% 41
\BOOKMARK [2][-]{section*.47}{Mandelbrot set}{section*.44}% 42
